{"/Users/capi/arvore/ArvoreBooks/src/App.js": {"path":"/Users/capi/arvore/ArvoreBooks/src/App.js","statementMap":{"0":{"start":{"line":1,"column":13},"end":{"line":1,"column":75}},"1":{"start":{"line":1,"column":75},"end":{"line":1,"column":100}},"2":{"start":{"line":1,"column":113},"end":{"line":1,"column":154}},"3":{"start":{"line":2,"column":19},"end":{"line":2,"column":42}},"4":{"start":{"line":3,"column":18},"end":{"line":3,"column":83}},"5":{"start":{"line":4,"column":24},"end":{"line":4,"column":52}},"6":{"start":{"line":5,"column":13},"end":{"line":5,"column":55}},"7":{"start":{"line":5,"column":75},"end":{"line":5,"column":118}},"8":{"start":{"line":5,"column":157},"end":{"line":5,"column":211}},"9":{"start":{"line":5,"column":249},"end":{"line":5,"column":296}},"10":{"start":{"line":5,"column":284},"end":{"line":5,"column":296}},"11":{"start":{"line":5,"column":308},"end":{"line":5,"column":321}},"12":{"start":{"line":5,"column":322},"end":{"line":5,"column":401}},"13":{"start":{"line":5,"column":386},"end":{"line":5,"column":399}},"14":{"start":{"line":5,"column":401},"end":{"line":5,"column":414}},"15":{"start":{"line":5,"column":454},"end":{"line":5,"column":494}},"16":{"start":{"line":5,"column":482},"end":{"line":5,"column":493}},"17":{"start":{"line":5,"column":494},"end":{"line":5,"column":594}},"18":{"start":{"line":5,"column":569},"end":{"line":5,"column":593}},"19":{"start":{"line":5,"column":606},"end":{"line":5,"column":632}},"20":{"start":{"line":5,"column":633},"end":{"line":5,"column":686}},"21":{"start":{"line":5,"column":663},"end":{"line":5,"column":685}},"22":{"start":{"line":5,"column":699},"end":{"line":5,"column":701}},"23":{"start":{"line":5,"column":730},"end":{"line":5,"column":786}},"24":{"start":{"line":5,"column":787},"end":{"line":5,"column":1058}},"25":{"start":{"line":5,"column":809},"end":{"line":5,"column":1057}},"26":{"start":{"line":5,"column":873},"end":{"line":5,"column":945}},"27":{"start":{"line":5,"column":946},"end":{"line":5,"column":1056}},"28":{"start":{"line":5,"column":983},"end":{"line":5,"column":1024}},"29":{"start":{"line":5,"column":1032},"end":{"line":5,"column":1055}},"30":{"start":{"line":5,"column":1058},"end":{"line":5,"column":1079}},"31":{"start":{"line":5,"column":1079},"end":{"line":5,"column":1115}},"32":{"start":{"line":5,"column":1091},"end":{"line":5,"column":1114}},"33":{"start":{"line":5,"column":1115},"end":{"line":5,"column":1129}},"34":{"start":{"line":5,"column":1179},"end":{"line":5,"column":1278}},"35":{"start":{"line":5,"column":1220},"end":{"line":5,"column":1277}},"36":{"start":{"line":5,"column":1322},"end":{"line":5,"column":1587}},"37":{"start":{"line":5,"column":1335},"end":{"line":5,"column":1336}},"38":{"start":{"line":5,"column":1379},"end":{"line":5,"column":1387}},"39":{"start":{"line":5,"column":1388},"end":{"line":5,"column":1443}},"40":{"start":{"line":5,"column":1443},"end":{"line":5,"column":1474}},"41":{"start":{"line":5,"column":1474},"end":{"line":5,"column":1528}},"42":{"start":{"line":5,"column":1501},"end":{"line":5,"column":1528}},"43":{"start":{"line":5,"column":1528},"end":{"line":5,"column":1586}},"44":{"start":{"line":5,"column":1649},"end":{"line":5,"column":1718}},"45":{"start":{"line":5,"column":1665},"end":{"line":5,"column":1718}},"46":{"start":{"line":5,"column":1718},"end":{"line":5,"column":1779}},"47":{"start":{"line":5,"column":1735},"end":{"line":5,"column":1779}},"48":{"start":{"line":5,"column":1779},"end":{"line":5,"column":1798}},"49":{"start":{"line":5,"column":1848},"end":{"line":5,"column":1932}},"50":{"start":{"line":5,"column":1919},"end":{"line":5,"column":1931}},"51":{"start":{"line":5,"column":1932},"end":{"line":5,"column":1968}},"52":{"start":{"line":5,"column":2008},"end":{"line":5,"column":2117}},"53":{"start":{"line":5,"column":2030},"end":{"line":5,"column":2116}},"54":{"start":{"line":5,"column":2117},"end":{"line":5,"column":2129}},"55":{"start":{"line":5,"column":2159},"end":{"line":5,"column":2303}},"56":{"start":{"line":5,"column":2254},"end":{"line":5,"column":2301}},"57":{"start":{"line":5,"column":2303},"end":{"line":5,"column":2329}},"58":{"start":{"line":5,"column":2372},"end":{"line":5,"column":2509}},"59":{"start":{"line":5,"column":2434},"end":{"line":5,"column":2508}},"60":{"start":{"line":5,"column":2509},"end":{"line":5,"column":2654}},"61":{"start":{"line":5,"column":2654},"end":{"line":5,"column":2708}},"62":{"start":{"line":5,"column":2670},"end":{"line":5,"column":2708}},"63":{"start":{"line":5,"column":2741},"end":{"line":5,"column":2843}},"64":{"start":{"line":5,"column":2816},"end":{"line":5,"column":2832}},"65":{"start":{"line":5,"column":2832},"end":{"line":5,"column":2841}},"66":{"start":{"line":5,"column":2843},"end":{"line":5,"column":2872}},"67":{"start":{"line":7,"column":15},"end":{"line":16,"column":49}},"68":{"start":{"line":7,"column":38},"end":{"line":7,"column":74}},"69":{"start":{"line":7,"column":99},"end":{"line":7,"column":135}},"70":{"start":{"line":7,"column":135},"end":{"line":7,"column":229}},"71":{"start":{"line":7,"column":230},"end":{"line":16,"column":10}},"72":{"start":{"line":9,"column":6},"end":{"line":12,"column":128}},"73":{"start":{"line":16,"column":10},"end":{"line":16,"column":30}},"74":{"start":{"line":18,"column":0},"end":{"line":18,"column":12}},"75":{"start":{"line":18,"column":13},"end":{"line":18,"column":40}}},"fnMap":{"0":{"name":"_interopRequireDefault","decl":{"start":{"line":5,"column":128},"end":{"line":5,"column":150}},"loc":{"start":{"line":5,"column":156},"end":{"line":5,"column":212}},"line":5},"1":{"name":"_getRequireWildcardCache","decl":{"start":{"line":5,"column":221},"end":{"line":5,"column":245}},"loc":{"start":{"line":5,"column":248},"end":{"line":5,"column":415}},"line":5},"2":{"name":"_getRequireWildcardCache","decl":{"start":{"line":5,"column":358},"end":{"line":5,"column":382}},"loc":{"start":{"line":5,"column":385},"end":{"line":5,"column":400}},"line":5},"3":{"name":"_interopRequireWildcard","decl":{"start":{"line":5,"column":424},"end":{"line":5,"column":447}},"loc":{"start":{"line":5,"column":453},"end":{"line":5,"column":1130}},"line":5},"4":{"name":"_classCallCheck","decl":{"start":{"line":5,"column":1139},"end":{"line":5,"column":1154}},"loc":{"start":{"line":5,"column":1178},"end":{"line":5,"column":1279}},"line":5},"5":{"name":"_defineProperties","decl":{"start":{"line":5,"column":1288},"end":{"line":5,"column":1305}},"loc":{"start":{"line":5,"column":1321},"end":{"line":5,"column":1588}},"line":5},"6":{"name":"_createClass","decl":{"start":{"line":5,"column":1597},"end":{"line":5,"column":1609}},"loc":{"start":{"line":5,"column":1648},"end":{"line":5,"column":1799}},"line":5},"7":{"name":"_possibleConstructorReturn","decl":{"start":{"line":5,"column":1808},"end":{"line":5,"column":1834}},"loc":{"start":{"line":5,"column":1847},"end":{"line":5,"column":1969}},"line":5},"8":{"name":"_assertThisInitialized","decl":{"start":{"line":5,"column":1978},"end":{"line":5,"column":2000}},"loc":{"start":{"line":5,"column":2007},"end":{"line":5,"column":2130}},"line":5},"9":{"name":"_getPrototypeOf","decl":{"start":{"line":5,"column":2139},"end":{"line":5,"column":2154}},"loc":{"start":{"line":5,"column":2158},"end":{"line":5,"column":2330}},"line":5},"10":{"name":"_getPrototypeOf","decl":{"start":{"line":5,"column":2234},"end":{"line":5,"column":2249}},"loc":{"start":{"line":5,"column":2253},"end":{"line":5,"column":2302}},"line":5},"11":{"name":"_inherits","decl":{"start":{"line":5,"column":2339},"end":{"line":5,"column":2348}},"loc":{"start":{"line":5,"column":2371},"end":{"line":5,"column":2709}},"line":5},"12":{"name":"_setPrototypeOf","decl":{"start":{"line":5,"column":2718},"end":{"line":5,"column":2733}},"loc":{"start":{"line":5,"column":2740},"end":{"line":5,"column":2873}},"line":5},"13":{"name":"_setPrototypeOf","decl":{"start":{"line":5,"column":2793},"end":{"line":5,"column":2808}},"loc":{"start":{"line":5,"column":2815},"end":{"line":5,"column":2842}},"line":5},"14":{"name":"(anonymous_14)","decl":{"start":{"line":7,"column":15},"end":{"line":7,"column":16}},"loc":{"start":{"line":7,"column":37},"end":{"line":16,"column":31}},"line":7},"15":{"name":"ArvoreLivros","decl":{"start":{"line":7,"column":83},"end":{"line":7,"column":95}},"loc":{"start":{"line":7,"column":98},"end":{"line":7,"column":230}},"line":7},"16":{"name":"render","decl":{"start":{"line":7,"column":291},"end":{"line":7,"column":297}},"loc":{"start":{"line":8,"column":4},"end":{"line":16,"column":5}},"line":8}},"branchMap":{"0":{"loc":{"start":{"line":5,"column":164},"end":{"line":5,"column":210}},"type":"cond-expr","locations":[{"start":{"line":5,"column":188},"end":{"line":5,"column":191}},{"start":{"line":5,"column":194},"end":{"line":5,"column":210}}],"line":5},"1":{"loc":{"start":{"line":5,"column":164},"end":{"line":5,"column":185}},"type":"binary-expr","locations":[{"start":{"line":5,"column":164},"end":{"line":5,"column":167}},{"start":{"line":5,"column":171},"end":{"line":5,"column":185}}],"line":5},"2":{"loc":{"start":{"line":5,"column":249},"end":{"line":5,"column":296}},"type":"if","locations":[{"start":{"line":5,"column":249},"end":{"line":5,"column":296}},{"start":{"line":5,"column":249},"end":{"line":5,"column":296}}],"line":5},"3":{"loc":{"start":{"line":5,"column":454},"end":{"line":5,"column":494}},"type":"if","locations":[{"start":{"line":5,"column":454},"end":{"line":5,"column":494}},{"start":{"line":5,"column":454},"end":{"line":5,"column":494}}],"line":5},"4":{"loc":{"start":{"line":5,"column":458},"end":{"line":5,"column":479}},"type":"binary-expr","locations":[{"start":{"line":5,"column":458},"end":{"line":5,"column":461}},{"start":{"line":5,"column":465},"end":{"line":5,"column":479}}],"line":5},"5":{"loc":{"start":{"line":5,"column":494},"end":{"line":5,"column":594}},"type":"if","locations":[{"start":{"line":5,"column":494},"end":{"line":5,"column":594}},{"start":{"line":5,"column":494},"end":{"line":5,"column":594}}],"line":5},"6":{"loc":{"start":{"line":5,"column":498},"end":{"line":5,"column":566}},"type":"binary-expr","locations":[{"start":{"line":5,"column":498},"end":{"line":5,"column":510}},{"start":{"line":5,"column":514},"end":{"line":5,"column":537}},{"start":{"line":5,"column":541},"end":{"line":5,"column":566}}],"line":5},"7":{"loc":{"start":{"line":5,"column":633},"end":{"line":5,"column":686}},"type":"if","locations":[{"start":{"line":5,"column":633},"end":{"line":5,"column":686}},{"start":{"line":5,"column":633},"end":{"line":5,"column":686}}],"line":5},"8":{"loc":{"start":{"line":5,"column":637},"end":{"line":5,"column":660}},"type":"binary-expr","locations":[{"start":{"line":5,"column":637},"end":{"line":5,"column":642}},{"start":{"line":5,"column":646},"end":{"line":5,"column":660}}],"line":5},"9":{"loc":{"start":{"line":5,"column":730},"end":{"line":5,"column":786}},"type":"binary-expr","locations":[{"start":{"line":5,"column":730},"end":{"line":5,"column":751}},{"start":{"line":5,"column":755},"end":{"line":5,"column":786}}],"line":5},"10":{"loc":{"start":{"line":5,"column":809},"end":{"line":5,"column":1057}},"type":"if","locations":[{"start":{"line":5,"column":809},"end":{"line":5,"column":1057}},{"start":{"line":5,"column":809},"end":{"line":5,"column":1057}}],"line":5},"11":{"loc":{"start":{"line":5,"column":873},"end":{"line":5,"column":945}},"type":"cond-expr","locations":[{"start":{"line":5,"column":897},"end":{"line":5,"column":938}},{"start":{"line":5,"column":941},"end":{"line":5,"column":945}}],"line":5},"12":{"loc":{"start":{"line":5,"column":946},"end":{"line":5,"column":1056}},"type":"if","locations":[{"start":{"line":5,"column":946},"end":{"line":5,"column":1056}},{"start":{"line":5,"column":946},"end":{"line":5,"column":1056}}],"line":5},"13":{"loc":{"start":{"line":5,"column":950},"end":{"line":5,"column":980}},"type":"binary-expr","locations":[{"start":{"line":5,"column":950},"end":{"line":5,"column":954}},{"start":{"line":5,"column":959},"end":{"line":5,"column":967}},{"start":{"line":5,"column":971},"end":{"line":5,"column":979}}],"line":5},"14":{"loc":{"start":{"line":5,"column":1079},"end":{"line":5,"column":1115}},"type":"if","locations":[{"start":{"line":5,"column":1079},"end":{"line":5,"column":1115}},{"start":{"line":5,"column":1079},"end":{"line":5,"column":1115}}],"line":5},"15":{"loc":{"start":{"line":5,"column":1179},"end":{"line":5,"column":1278}},"type":"if","locations":[{"start":{"line":5,"column":1179},"end":{"line":5,"column":1278}},{"start":{"line":5,"column":1179},"end":{"line":5,"column":1278}}],"line":5},"16":{"loc":{"start":{"line":5,"column":1412},"end":{"line":5,"column":1442}},"type":"binary-expr","locations":[{"start":{"line":5,"column":1412},"end":{"line":5,"column":1433}},{"start":{"line":5,"column":1437},"end":{"line":5,"column":1442}}],"line":5},"17":{"loc":{"start":{"line":5,"column":1474},"end":{"line":5,"column":1528}},"type":"if","locations":[{"start":{"line":5,"column":1474},"end":{"line":5,"column":1528}},{"start":{"line":5,"column":1474},"end":{"line":5,"column":1528}}],"line":5},"18":{"loc":{"start":{"line":5,"column":1649},"end":{"line":5,"column":1718}},"type":"if","locations":[{"start":{"line":5,"column":1649},"end":{"line":5,"column":1718}},{"start":{"line":5,"column":1649},"end":{"line":5,"column":1718}}],"line":5},"19":{"loc":{"start":{"line":5,"column":1718},"end":{"line":5,"column":1779}},"type":"if","locations":[{"start":{"line":5,"column":1718},"end":{"line":5,"column":1779}},{"start":{"line":5,"column":1718},"end":{"line":5,"column":1779}}],"line":5},"20":{"loc":{"start":{"line":5,"column":1848},"end":{"line":5,"column":1932}},"type":"if","locations":[{"start":{"line":5,"column":1848},"end":{"line":5,"column":1932}},{"start":{"line":5,"column":1848},"end":{"line":5,"column":1932}}],"line":5},"21":{"loc":{"start":{"line":5,"column":1852},"end":{"line":5,"column":1916}},"type":"binary-expr","locations":[{"start":{"line":5,"column":1852},"end":{"line":5,"column":1856}},{"start":{"line":5,"column":1861},"end":{"line":5,"column":1885}},{"start":{"line":5,"column":1889},"end":{"line":5,"column":1915}}],"line":5},"22":{"loc":{"start":{"line":5,"column":2008},"end":{"line":5,"column":2117}},"type":"if","locations":[{"start":{"line":5,"column":2008},"end":{"line":5,"column":2117}},{"start":{"line":5,"column":2008},"end":{"line":5,"column":2117}}],"line":5},"23":{"loc":{"start":{"line":5,"column":2177},"end":{"line":5,"column":2302}},"type":"cond-expr","locations":[{"start":{"line":5,"column":2201},"end":{"line":5,"column":2222}},{"start":{"line":5,"column":2225},"end":{"line":5,"column":2302}}],"line":5},"24":{"loc":{"start":{"line":5,"column":2261},"end":{"line":5,"column":2300}},"type":"binary-expr","locations":[{"start":{"line":5,"column":2261},"end":{"line":5,"column":2272}},{"start":{"line":5,"column":2276},"end":{"line":5,"column":2300}}],"line":5},"25":{"loc":{"start":{"line":5,"column":2372},"end":{"line":5,"column":2509}},"type":"if","locations":[{"start":{"line":5,"column":2372},"end":{"line":5,"column":2509}},{"start":{"line":5,"column":2372},"end":{"line":5,"column":2509}}],"line":5},"26":{"loc":{"start":{"line":5,"column":2376},"end":{"line":5,"column":2431}},"type":"binary-expr","locations":[{"start":{"line":5,"column":2376},"end":{"line":5,"column":2408}},{"start":{"line":5,"column":2412},"end":{"line":5,"column":2431}}],"line":5},"27":{"loc":{"start":{"line":5,"column":2544},"end":{"line":5,"column":2578}},"type":"binary-expr","locations":[{"start":{"line":5,"column":2544},"end":{"line":5,"column":2554}},{"start":{"line":5,"column":2558},"end":{"line":5,"column":2578}}],"line":5},"28":{"loc":{"start":{"line":5,"column":2654},"end":{"line":5,"column":2708}},"type":"if","locations":[{"start":{"line":5,"column":2654},"end":{"line":5,"column":2708}},{"start":{"line":5,"column":2654},"end":{"line":5,"column":2708}}],"line":5},"29":{"loc":{"start":{"line":5,"column":2759},"end":{"line":5,"column":2842}},"type":"binary-expr","locations":[{"start":{"line":5,"column":2759},"end":{"line":5,"column":2780}},{"start":{"line":5,"column":2784},"end":{"line":5,"column":2842}}],"line":5}},"s":{"0":1,"1":1,"2":1,"3":1,"4":1,"5":1,"6":1,"7":1,"8":2,"9":1,"10":0,"11":1,"12":1,"13":0,"14":1,"15":1,"16":0,"17":1,"18":0,"19":1,"20":1,"21":0,"22":1,"23":1,"24":1,"25":30,"26":30,"27":30,"28":0,"29":30,"30":1,"31":1,"32":1,"33":1,"34":1,"35":0,"36":1,"37":1,"38":1,"39":1,"40":1,"41":1,"42":1,"43":1,"44":1,"45":1,"46":1,"47":0,"48":1,"49":1,"50":0,"51":1,"52":1,"53":0,"54":1,"55":1,"56":0,"57":1,"58":1,"59":0,"60":1,"61":1,"62":1,"63":1,"64":0,"65":0,"66":1,"67":1,"68":1,"69":1,"70":1,"71":1,"72":1,"73":1,"74":1,"75":1},"f":{"0":2,"1":1,"2":0,"3":1,"4":1,"5":1,"6":1,"7":1,"8":1,"9":1,"10":0,"11":1,"12":1,"13":0,"14":1,"15":1,"16":1},"b":{"0":[2,0],"1":[2,2],"2":[0,1],"3":[0,1],"4":[1,1],"5":[0,1],"6":[1,1,0],"7":[0,1],"8":[1,1],"9":[1,1],"10":[30,0],"11":[30,0],"12":[0,30],"13":[30,30,30],"14":[1,0],"15":[0,1],"16":[1,1],"17":[1,0],"18":[1,0],"19":[0,1],"20":[0,1],"21":[1,0,0],"22":[0,1],"23":[1,0],"24":[0,0],"25":[0,1],"26":[1,0],"27":[1,1],"28":[1,0],"29":[1,0]},"_coverageSchema":"43e27e138ebf9cfc5966b082cf9a028302ed4184","hash":"6826299720b71021d796d58a782d423f8ac06c56"}
,"/Users/capi/arvore/ArvoreBooks/src/components/common/Button.js": {"path":"/Users/capi/arvore/ArvoreBooks/src/components/common/Button.js","statementMap":{"0":{"start":{"line":1,"column":13},"end":{"line":1,"column":75}},"1":{"start":{"line":1,"column":75},"end":{"line":1,"column":100}},"2":{"start":{"line":1,"column":113},"end":{"line":1,"column":153}},"3":{"start":{"line":2,"column":17},"end":{"line":2,"column":62}},"4":{"start":{"line":3,"column":14},"end":{"line":3,"column":73}},"5":{"start":{"line":4,"column":18},"end":{"line":4,"column":65}},"6":{"start":{"line":5,"column":13},"end":{"line":5,"column":59}},"7":{"start":{"line":5,"column":79},"end":{"line":5,"column":143}},"8":{"start":{"line":5,"column":182},"end":{"line":5,"column":236}},"9":{"start":{"line":5,"column":276},"end":{"line":5,"column":436}},"10":{"start":{"line":5,"column":437},"end":{"line":5,"column":497}},"11":{"start":{"line":5,"column":483},"end":{"line":5,"column":495}},"12":{"start":{"line":5,"column":497},"end":{"line":5,"column":509}},"13":{"start":{"line":5,"column":562},"end":{"line":5,"column":597}},"14":{"start":{"line":5,"column":573},"end":{"line":5,"column":596}},"15":{"start":{"line":5,"column":597},"end":{"line":5,"column":615}},"16":{"start":{"line":5,"column":615},"end":{"line":5,"column":630}},"17":{"start":{"line":7,"column":22},"end":{"line":18,"column":12}},"18":{"start":{"line":8,"column":29},"end":{"line":8,"column":39}},"19":{"start":{"line":8,"column":40},"end":{"line":8,"column":66}},"20":{"start":{"line":9,"column":30},"end":{"line":9,"column":41}},"21":{"start":{"line":9,"column":42},"end":{"line":9,"column":76}},"22":{"start":{"line":13,"column":30},"end":{"line":13,"column":41}},"23":{"start":{"line":13,"column":42},"end":{"line":18,"column":10}},"24":{"start":{"line":21,"column":13},"end":{"line":32,"column":1}},"25":{"start":{"line":22,"column":10},"end":{"line":22,"column":21}},"26":{"start":{"line":22,"column":32},"end":{"line":22,"column":45}},"27":{"start":{"line":23,"column":23},"end":{"line":23,"column":43}},"28":{"start":{"line":25,"column":2},"end":{"line":28,"column":13}},"29":{"start":{"line":34,"column":0},"end":{"line":37,"column":37}},"30":{"start":{"line":39,"column":0},"end":{"line":40,"column":18}},"31":{"start":{"line":42,"column":0},"end":{"line":42,"column":6}},"32":{"start":{"line":42,"column":7},"end":{"line":42,"column":34}}},"fnMap":{"0":{"name":"_interopRequireDefault","decl":{"start":{"line":5,"column":153},"end":{"line":5,"column":175}},"loc":{"start":{"line":5,"column":181},"end":{"line":5,"column":237}},"line":5},"1":{"name":"_templateObject","decl":{"start":{"line":5,"column":246},"end":{"line":5,"column":261}},"loc":{"start":{"line":5,"column":264},"end":{"line":5,"column":510}},"line":5},"2":{"name":"_templateObject","decl":{"start":{"line":5,"column":464},"end":{"line":5,"column":479}},"loc":{"start":{"line":5,"column":482},"end":{"line":5,"column":496}},"line":5},"3":{"name":"_taggedTemplateLiteralLoose","decl":{"start":{"line":5,"column":519},"end":{"line":5,"column":546}},"loc":{"start":{"line":5,"column":561},"end":{"line":5,"column":631}},"line":5},"4":{"name":"(anonymous_4)","decl":{"start":{"line":8,"column":0},"end":{"line":8,"column":1}},"loc":{"start":{"line":8,"column":16},"end":{"line":8,"column":67}},"line":8},"5":{"name":"(anonymous_5)","decl":{"start":{"line":9,"column":0},"end":{"line":9,"column":1}},"loc":{"start":{"line":9,"column":17},"end":{"line":9,"column":77}},"line":9},"6":{"name":"(anonymous_6)","decl":{"start":{"line":13,"column":0},"end":{"line":13,"column":1}},"loc":{"start":{"line":13,"column":17},"end":{"line":18,"column":11}},"line":13},"7":{"name":"Button","decl":{"start":{"line":21,"column":22},"end":{"line":21,"column":28}},"loc":{"start":{"line":21,"column":36},"end":{"line":32,"column":1}},"line":21}},"branchMap":{"0":{"loc":{"start":{"line":5,"column":189},"end":{"line":5,"column":235}},"type":"cond-expr","locations":[{"start":{"line":5,"column":213},"end":{"line":5,"column":216}},{"start":{"line":5,"column":219},"end":{"line":5,"column":235}}],"line":5},"1":{"loc":{"start":{"line":5,"column":189},"end":{"line":5,"column":210}},"type":"binary-expr","locations":[{"start":{"line":5,"column":189},"end":{"line":5,"column":192}},{"start":{"line":5,"column":196},"end":{"line":5,"column":210}}],"line":5},"2":{"loc":{"start":{"line":5,"column":562},"end":{"line":5,"column":597}},"type":"if","locations":[{"start":{"line":5,"column":562},"end":{"line":5,"column":597}},{"start":{"line":5,"column":562},"end":{"line":5,"column":597}}],"line":5}},"s":{"0":1,"1":1,"2":1,"3":1,"4":1,"5":1,"6":1,"7":1,"8":5,"9":1,"10":1,"11":0,"12":1,"13":1,"14":1,"15":1,"16":1,"17":1,"18":0,"19":0,"20":0,"21":0,"22":0,"23":0,"24":1,"25":0,"26":0,"27":0,"28":0,"29":1,"30":1,"31":1,"32":1},"f":{"0":5,"1":1,"2":0,"3":1,"4":0,"5":0,"6":0,"7":0},"b":{"0":[3,2],"1":[5,5],"2":[1,0]},"_coverageSchema":"43e27e138ebf9cfc5966b082cf9a028302ed4184","hash":"3996a8dcc129d27a25f6b3af6fd7a577556711b1"}
,"/Users/capi/arvore/ArvoreBooks/src/components/common/Typography.js": {"path":"/Users/capi/arvore/ArvoreBooks/src/components/common/Typography.js","statementMap":{"0":{"start":{"line":1,"column":13},"end":{"line":1,"column":75}},"1":{"start":{"line":1,"column":75},"end":{"line":1,"column":100}},"2":{"start":{"line":1,"column":113},"end":{"line":1,"column":153}},"3":{"start":{"line":2,"column":17},"end":{"line":2,"column":62}},"4":{"start":{"line":3,"column":12},"end":{"line":3,"column":39}},"5":{"start":{"line":4,"column":19},"end":{"line":4,"column":42}},"6":{"start":{"line":5,"column":14},"end":{"line":5,"column":73}},"7":{"start":{"line":6,"column":13},"end":{"line":6,"column":61}},"8":{"start":{"line":6,"column":81},"end":{"line":6,"column":149}},"9":{"start":{"line":6,"column":188},"end":{"line":6,"column":242}},"10":{"start":{"line":6,"column":264},"end":{"line":6,"column":507}},"11":{"start":{"line":6,"column":311},"end":{"line":6,"column":491}},"12":{"start":{"line":6,"column":324},"end":{"line":6,"column":325}},"13":{"start":{"line":6,"column":368},"end":{"line":6,"column":380}},"14":{"start":{"line":6,"column":381},"end":{"line":6,"column":490}},"15":{"start":{"line":6,"column":406},"end":{"line":6,"column":489}},"16":{"start":{"line":6,"column":462},"end":{"line":6,"column":488}},"17":{"start":{"line":6,"column":491},"end":{"line":6,"column":505}},"18":{"start":{"line":6,"column":507},"end":{"line":6,"column":546}},"19":{"start":{"line":6,"column":586},"end":{"line":6,"column":645}},"20":{"start":{"line":6,"column":646},"end":{"line":6,"column":706}},"21":{"start":{"line":6,"column":692},"end":{"line":6,"column":704}},"22":{"start":{"line":6,"column":706},"end":{"line":6,"column":718}},"23":{"start":{"line":6,"column":771},"end":{"line":6,"column":806}},"24":{"start":{"line":6,"column":782},"end":{"line":6,"column":805}},"25":{"start":{"line":6,"column":806},"end":{"line":6,"column":824}},"26":{"start":{"line":6,"column":824},"end":{"line":6,"column":839}},"27":{"start":{"line":8,"column":11},"end":{"line":10,"column":51}},"28":{"start":{"line":10,"column":18},"end":{"line":10,"column":49}},"29":{"start":{"line":13,"column":17},"end":{"line":23,"column":1}},"30":{"start":{"line":14,"column":13},"end":{"line":14,"column":27}},"31":{"start":{"line":14,"column":36},"end":{"line":14,"column":47}},"32":{"start":{"line":14,"column":55},"end":{"line":14,"column":65}},"33":{"start":{"line":15,"column":2},"end":{"line":16,"column":75}},"34":{"start":{"line":17,"column":19},"end":{"line":17,"column":59}},"35":{"start":{"line":18,"column":2},"end":{"line":20,"column":15}},"36":{"start":{"line":24,"column":0},"end":{"line":27,"column":34}},"37":{"start":{"line":30,"column":0},"end":{"line":31,"column":17}},"38":{"start":{"line":34,"column":0},"end":{"line":34,"column":10}},"39":{"start":{"line":34,"column":11},"end":{"line":34,"column":38}}},"fnMap":{"0":{"name":"_interopRequireDefault","decl":{"start":{"line":6,"column":159},"end":{"line":6,"column":181}},"loc":{"start":{"line":6,"column":187},"end":{"line":6,"column":243}},"line":6},"1":{"name":"_extends","decl":{"start":{"line":6,"column":252},"end":{"line":6,"column":260}},"loc":{"start":{"line":6,"column":263},"end":{"line":6,"column":547}},"line":6},"2":{"name":"(anonymous_2)","decl":{"start":{"line":6,"column":292},"end":{"line":6,"column":293}},"loc":{"start":{"line":6,"column":310},"end":{"line":6,"column":506}},"line":6},"3":{"name":"_templateObject","decl":{"start":{"line":6,"column":556},"end":{"line":6,"column":571}},"loc":{"start":{"line":6,"column":574},"end":{"line":6,"column":719}},"line":6},"4":{"name":"_templateObject","decl":{"start":{"line":6,"column":673},"end":{"line":6,"column":688}},"loc":{"start":{"line":6,"column":691},"end":{"line":6,"column":705}},"line":6},"5":{"name":"_taggedTemplateLiteralLoose","decl":{"start":{"line":6,"column":728},"end":{"line":6,"column":755}},"loc":{"start":{"line":6,"column":770},"end":{"line":6,"column":840}},"line":6},"6":{"name":"(anonymous_6)","decl":{"start":{"line":10,"column":0},"end":{"line":10,"column":1}},"loc":{"start":{"line":10,"column":17},"end":{"line":10,"column":50}},"line":10},"7":{"name":"Typography","decl":{"start":{"line":13,"column":26},"end":{"line":13,"column":36}},"loc":{"start":{"line":13,"column":44},"end":{"line":23,"column":1}},"line":13}},"branchMap":{"0":{"loc":{"start":{"line":6,"column":195},"end":{"line":6,"column":241}},"type":"cond-expr","locations":[{"start":{"line":6,"column":219},"end":{"line":6,"column":222}},{"start":{"line":6,"column":225},"end":{"line":6,"column":241}}],"line":6},"1":{"loc":{"start":{"line":6,"column":195},"end":{"line":6,"column":216}},"type":"binary-expr","locations":[{"start":{"line":6,"column":195},"end":{"line":6,"column":198}},{"start":{"line":6,"column":202},"end":{"line":6,"column":216}}],"line":6},"2":{"loc":{"start":{"line":6,"column":275},"end":{"line":6,"column":506}},"type":"binary-expr","locations":[{"start":{"line":6,"column":275},"end":{"line":6,"column":288}},{"start":{"line":6,"column":292},"end":{"line":6,"column":506}}],"line":6},"3":{"loc":{"start":{"line":6,"column":406},"end":{"line":6,"column":489}},"type":"if","locations":[{"start":{"line":6,"column":406},"end":{"line":6,"column":489}},{"start":{"line":6,"column":406},"end":{"line":6,"column":489}}],"line":6},"4":{"loc":{"start":{"line":6,"column":771},"end":{"line":6,"column":806}},"type":"if","locations":[{"start":{"line":6,"column":771},"end":{"line":6,"column":806}},{"start":{"line":6,"column":771},"end":{"line":6,"column":806}}],"line":6},"5":{"loc":{"start":{"line":15,"column":2},"end":{"line":16,"column":74}},"type":"binary-expr","locations":[{"start":{"line":15,"column":2},"end":{"line":15,"column":34}},{"start":{"line":16,"column":2},"end":{"line":16,"column":74}}],"line":15}},"s":{"0":3,"1":3,"2":3,"3":3,"4":3,"5":3,"6":3,"7":3,"8":3,"9":12,"10":1,"11":0,"12":0,"13":0,"14":0,"15":0,"16":0,"17":0,"18":1,"19":3,"20":3,"21":0,"22":3,"23":3,"24":3,"25":3,"26":3,"27":3,"28":0,"29":3,"30":1,"31":1,"32":1,"33":1,"34":1,"35":1,"36":3,"37":3,"38":3,"39":3},"f":{"0":12,"1":1,"2":0,"3":3,"4":0,"5":3,"6":0,"7":1},"b":{"0":[6,6],"1":[12,12],"2":[1,0],"3":[0,0],"4":[3,0],"5":[1,0]},"_coverageSchema":"43e27e138ebf9cfc5966b082cf9a028302ed4184","hash":"54f9d8e6cc1ccb571074beb321f424540bc758b8"}
}
