TN:
SF:/Users/capi/arvore/ArvoreBooks/src/App.js
FN:5,_interopRequireDefault
FN:5,_getRequireWildcardCache
FN:5,_getRequireWildcardCache
FN:5,_interopRequireWildcard
FN:5,_classCallCheck
FN:5,_defineProperties
FN:5,_createClass
FN:5,_possibleConstructorReturn
FN:5,_assertThisInitialized
FN:5,_getPrototypeOf
FN:5,_getPrototypeOf
FN:5,_inherits
FN:5,_setPrototypeOf
FN:5,_setPrototypeOf
FN:7,(anonymous_14)
FN:7,ArvoreLivros
FN:7,render
FNF:17
FNH:14
FNDA:2,_interopRequireDefault
FNDA:1,_getRequireWildcardCache
FNDA:0,_getRequireWildcardCache
FNDA:1,_interopRequireWildcard
FNDA:1,_classCallCheck
FNDA:1,_defineProperties
FNDA:1,_createClass
FNDA:1,_possibleConstructorReturn
FNDA:1,_assertThisInitialized
FNDA:1,_getPrototypeOf
FNDA:0,_getPrototypeOf
FNDA:1,_inherits
FNDA:1,_setPrototypeOf
FNDA:0,_setPrototypeOf
FNDA:1,(anonymous_14)
FNDA:1,ArvoreLivros
FNDA:1,render
DA:1,1
DA:2,1
DA:3,1
DA:4,1
DA:5,30
DA:7,1
DA:9,1
DA:16,1
DA:18,1
LF:9
LH:9
BRDA:5,0,0,2
BRDA:5,0,1,0
BRDA:5,1,0,2
BRDA:5,1,1,2
BRDA:5,2,0,0
BRDA:5,2,1,1
BRDA:5,3,0,0
BRDA:5,3,1,1
BRDA:5,4,0,1
BRDA:5,4,1,1
BRDA:5,5,0,0
BRDA:5,5,1,1
BRDA:5,6,0,1
BRDA:5,6,1,1
BRDA:5,6,2,0
BRDA:5,7,0,0
BRDA:5,7,1,1
BRDA:5,8,0,1
BRDA:5,8,1,1
BRDA:5,9,0,1
BRDA:5,9,1,1
BRDA:5,10,0,30
BRDA:5,10,1,0
BRDA:5,11,0,30
BRDA:5,11,1,0
BRDA:5,12,0,0
BRDA:5,12,1,30
BRDA:5,13,0,30
BRDA:5,13,1,30
BRDA:5,13,2,30
BRDA:5,14,0,1
BRDA:5,14,1,0
BRDA:5,15,0,0
BRDA:5,15,1,1
BRDA:5,16,0,1
BRDA:5,16,1,1
BRDA:5,17,0,1
BRDA:5,17,1,0
BRDA:5,18,0,1
BRDA:5,18,1,0
BRDA:5,19,0,0
BRDA:5,19,1,1
BRDA:5,20,0,0
BRDA:5,20,1,1
BRDA:5,21,0,1
BRDA:5,21,1,0
BRDA:5,21,2,0
BRDA:5,22,0,0
BRDA:5,22,1,1
BRDA:5,23,0,1
BRDA:5,23,1,0
BRDA:5,24,0,0
BRDA:5,24,1,0
BRDA:5,25,0,0
BRDA:5,25,1,1
BRDA:5,26,0,1
BRDA:5,26,1,0
BRDA:5,27,0,1
BRDA:5,27,1,1
BRDA:5,28,0,1
BRDA:5,28,1,0
BRDA:5,29,0,1
BRDA:5,29,1,0
BRF:63
BRH:38
end_of_record
TN:
SF:/Users/capi/arvore/ArvoreBooks/src/components/common/Button.js
FN:5,_interopRequireDefault
FN:5,_templateObject
FN:5,_templateObject
FN:5,_taggedTemplateLiteralLoose
FN:8,(anonymous_4)
FN:9,(anonymous_5)
FN:13,(anonymous_6)
FN:21,Button
FNF:8
FNH:3
FNDA:5,_interopRequireDefault
FNDA:1,_templateObject
FNDA:0,_templateObject
FNDA:1,_taggedTemplateLiteralLoose
FNDA:0,(anonymous_4)
FNDA:0,(anonymous_5)
FNDA:0,(anonymous_6)
FNDA:0,Button
DA:1,1
DA:2,1
DA:3,1
DA:4,1
DA:5,5
DA:7,1
DA:8,0
DA:9,0
DA:13,0
DA:21,1
DA:22,0
DA:23,0
DA:25,0
DA:34,1
DA:39,1
DA:42,1
LF:16
LH:10
BRDA:5,0,0,3
BRDA:5,0,1,2
BRDA:5,1,0,5
BRDA:5,1,1,5
BRDA:5,2,0,1
BRDA:5,2,1,0
BRF:6
BRH:5
end_of_record
TN:
SF:/Users/capi/arvore/ArvoreBooks/src/components/common/Typography.js
FN:6,_interopRequireDefault
FN:6,_extends
FN:6,(anonymous_2)
FN:6,_templateObject
FN:6,_templateObject
FN:6,_taggedTemplateLiteralLoose
FN:10,(anonymous_6)
FN:13,Typography
FNF:8
FNH:5
FNDA:12,_interopRequireDefault
FNDA:1,_extends
FNDA:0,(anonymous_2)
FNDA:3,_templateObject
FNDA:0,_templateObject
FNDA:3,_taggedTemplateLiteralLoose
FNDA:0,(anonymous_6)
FNDA:1,Typography
DA:1,3
DA:2,3
DA:3,3
DA:4,3
DA:5,3
DA:6,12
DA:8,3
DA:10,0
DA:13,3
DA:14,1
DA:15,1
DA:17,1
DA:18,1
DA:24,3
DA:30,3
DA:34,3
LF:16
LH:15
BRDA:6,0,0,6
BRDA:6,0,1,6
BRDA:6,1,0,12
BRDA:6,1,1,12
BRDA:6,2,0,1
BRDA:6,2,1,0
BRDA:6,3,0,0
BRDA:6,3,1,0
BRDA:6,4,0,3
BRDA:6,4,1,0
BRDA:15,5,0,1
BRDA:15,5,1,0
BRF:12
BRH:7
end_of_record
